<?xml version="1.0" encoding="UTF-8"?>
<testng-results ignored="0" total="1" passed="1" failed="0" skipped="0">
  <reporter-output>
  </reporter-output>
  <suite started-at="2022-08-12T10:04:02 IST" name="Default suite" finished-at="2022-08-12T10:04:30 IST" duration-ms="28420">
    <groups>
      <group name="regressionTest">
        <method signature="CreateCampaignWithProduct.createcampaignwithproduct()[pri:0, instance:com.crm.Sdet.Campaign.CreateCampaignWithProduct@2805d709]" name="createcampaignwithproduct" class="com.crm.Sdet.Campaign.CreateCampaignWithProduct"/>
      </group> <!-- regressionTest -->
      <group name="smokeTest">
        <method signature="CreateCampaignWithProduct.createcampaignwithproduct()[pri:0, instance:com.crm.Sdet.Campaign.CreateCampaignWithProduct@2805d709]" name="createcampaignwithproduct" class="com.crm.Sdet.Campaign.CreateCampaignWithProduct"/>
      </group> <!-- smokeTest -->
    </groups>
    <test started-at="2022-08-12T10:04:02 IST" name="Default test" finished-at="2022-08-12T10:04:30 IST" duration-ms="28420">
      <class name="com.crm.Sdet.Campaign.CreateCampaignWithProduct">
        <test-method is-config="true" signature="BS()[pri:0, instance:com.crm.Sdet.Campaign.CreateCampaignWithProduct@2805d709]" started-at="2022-08-12T10:04:02 IST" name="BS" finished-at="2022-08-12T10:04:02 IST" duration-ms="7" status="PASS">
          <reporter-output>
          </reporter-output>
        </test-method> <!-- BS -->
        <test-method is-config="true" signature="BT()[pri:0, instance:com.crm.Sdet.Campaign.CreateCampaignWithProduct@2805d709]" started-at="2022-08-12T10:04:02 IST" name="BT" finished-at="2022-08-12T10:04:02 IST" duration-ms="0" status="PASS">
          <reporter-output>
          </reporter-output>
        </test-method> <!-- BT -->
        <test-method is-config="true" signature="BC()[pri:0, instance:com.crm.Sdet.Campaign.CreateCampaignWithProduct@2805d709]" started-at="2022-08-12T10:04:02 IST" name="BC" finished-at="2022-08-12T10:04:04 IST" duration-ms="1599" status="PASS">
          <reporter-output>
          </reporter-output>
        </test-method> <!-- BC -->
        <test-method is-config="true" signature="BM()[pri:0, instance:com.crm.Sdet.Campaign.CreateCampaignWithProduct@2805d709]" started-at="2022-08-12T10:04:04 IST" name="BM" finished-at="2022-08-12T10:04:08 IST" duration-ms="4801" status="PASS">
          <reporter-output>
          </reporter-output>
        </test-method> <!-- BM -->
        <test-method signature="createcampaignwithproduct()[pri:0, instance:com.crm.Sdet.Campaign.CreateCampaignWithProduct@2805d709]" started-at="2022-08-12T10:04:08 IST" name="createcampaignwithproduct" finished-at="2022-08-12T10:04:30 IST" duration-ms="21987" status="PASS">
          <reporter-output>
          </reporter-output>
        </test-method> <!-- createcampaignwithproduct -->
        <test-method is-config="true" signature="AM()[pri:0, instance:com.crm.Sdet.Campaign.CreateCampaignWithProduct@2805d709]" started-at="2022-08-12T10:04:30 IST" name="AM" finished-at="2022-08-12T10:04:30 IST" duration-ms="0" status="PASS">
          <reporter-output>
          </reporter-output>
        </test-method> <!-- AM -->
        <test-method is-config="true" signature="AC()[pri:0, instance:com.crm.Sdet.Campaign.CreateCampaignWithProduct@2805d709]" started-at="2022-08-12T10:04:30 IST" name="AC" finished-at="2022-08-12T10:04:30 IST" duration-ms="0" status="PASS">
          <reporter-output>
          </reporter-output>
        </test-method> <!-- AC -->
        <test-method is-config="true" signature="AT()[pri:0, instance:com.crm.Sdet.Campaign.CreateCampaignWithProduct@2805d709]" started-at="2022-08-12T10:04:30 IST" name="AT" finished-at="2022-08-12T10:04:30 IST" duration-ms="0" status="PASS">
          <reporter-output>
          </reporter-output>
        </test-method> <!-- AT -->
        <test-method is-config="true" signature="AS()[pri:0, instance:com.crm.Sdet.Campaign.CreateCampaignWithProduct@2805d709]" started-at="2022-08-12T10:04:30 IST" name="AS" finished-at="2022-08-12T10:04:30 IST" duration-ms="0" status="PASS">
          <reporter-output>
          </reporter-output>
        </test-method> <!-- AS -->
      </class> <!-- com.crm.Sdet.Campaign.CreateCampaignWithProduct -->
    </test> <!-- Default test -->
  </suite> <!-- Default suite -->
</testng-results>
