<?xml version="1.0" encoding="UTF-8"?>
<!-- Generated by org.testng.reporters.JUnitXMLReporter -->
<testsuite ignored="6" hostname="LAPTOP-FV1112LB" failures="0" tests="12" name="Test" time="0.067" errors="0" timestamp="2022-06-07T08:09:35 IST">
  <testcase classname="testngpack.GroupFlag" name="it1" time="0.009"/>
  <testcase classname="testngpack.GroupFlag" name="it2" time="0.002"/>
  <testcase classname="testngpack.GroupFlag" name="it3" time="0.001"/>
  <testcase classname="testngpack.GroupFlag" name="it4" time="0.001"/>
  <testcase classname="testngpack.GroupFlag" name="it5" time="0.002"/>
  <testcase classname="testngpack.GroupFlag" name="it6" time="0.001"/>
  <testcase classname="testngpack.GroupFlag" name="st1" time="0.001"/>
  <testcase classname="testngpack.GroupFlag" name="st2" time="0.001"/>
  <testcase classname="testngpack.GroupFlag" name="st3" time="0.0"/>
  <testcase classname="testngpack.GroupFlag" name="st4" time="0.001"/>
  <testcase classname="testngpack.GroupFlag" name="st5" time="0.0"/>
  <testcase classname="testngpack.GroupFlag" name="st6" time="0.001"/>
  <testcase classname="testngpack.GroupFlag" name="ft5" time="0.0">
    <ignored/>
  </testcase> <!-- ft5 -->
  <testcase classname="testngpack.GroupFlag" name="ft2" time="0.0">
    <ignored/>
  </testcase> <!-- ft2 -->
  <testcase classname="testngpack.GroupFlag" name="ft4" time="0.0">
    <ignored/>
  </testcase> <!-- ft4 -->
  <testcase classname="testngpack.GroupFlag" name="ft1" time="0.0">
    <ignored/>
  </testcase> <!-- ft1 -->
  <testcase classname="testngpack.GroupFlag" name="ft3" time="0.0">
    <ignored/>
  </testcase> <!-- ft3 -->
  <testcase classname="testngpack.GroupFlag" name="ft6" time="0.0">
    <ignored/>
  </testcase> <!-- ft6 -->
</testsuite> <!-- Test -->
